0.008,992,487,77 s
0.009,903,542,00 s
0.051,939,335,33 s
0.017,204,593,04 s
0.011,276,730,82 s
0.009,330,703,61 s
0.009,835,979,80 s
0.040,992,738,3  s
0.025,513,979,29 s
0.016,038,821,61 s
0.011,717,857,31 s
0.016,161,713,25 s
0.007,384,215,29 s
0.037,358,972,1  s
0.014,945,920,43 s
0.014,865,166,9  s
0.043,254,719,8  s
0.003,219,476,99 s
0.004,605,628,29 s
0.004,460,565,61 s
0.013,514,760,92 s
0.010,437,232,25 s
0.020,470,105,9  s
0.029,590,732,82 s
0.009,620,695,61 s
0.025,402,813,6  s
0.017,719,534,46 s
0.062,792,101,5  s
0.006,238,309,17 s
0.028,852,646,92 s
0.292,156,414,2  s
0.019,887,702,1  s
0.009,768,418,16 s
0.020,399,601,57 s
0.152,533,081,2  s
0.013,618,339,83 s
0.073,733,998,3  s
0.105,234,847,0  s
0.038,939,049,5  s
0.029,132,116,9  s
0.019,181,524,6  s
0.010,385,798,05 s
0.020,475,622,46 s
0.009,817,106,13 s
0.031,991,333,87 s
0.026,806,089,25 s
0.027,720,331,5  s
0.210,080,103,5  s
0.012,655,709,32 s
0.015,347,763,87 s
0.018,028,617,8  s
0.011,065,173,82 s
0.031,202,171,32 s
0.013,889,503,21 s
0.027,008,740,7  s
0.009,434,975,36 s
0.056,457,215,7  s
0.010,117,076,03 s
0.011,161,413,96 s
0.046,895,421,9  s
0.019,386,238,7  s
0.019,213,013,50 s
0.011,007,750,79 s
0.031,265,128,8  s
0.013,104,259,41 s
0.053,195,664,1  s
0.008,404,997,29 s
0.009,538,627,04 s
0.016,567,686,4  s
0.027,061,838,4  s
0.011,273,874,69 s
0.004,593,868,75 s
0.019,555,513,83 s
0.018,722,466,2  s
0.011,015,029,36 s
0.008,466,501,92 s
0.039,717,207,5  s
0.005,816,940,65 s
0.011,721,580,31 s
0.018,161,136,7  s
0.028,104,687,1  s
0.015,650,993,75 s
0.013,289,155,8  s
0.031,820,398,0  s
0.024,750,061,23 s
0.053,395,348,6  s
0.066,727,071,3  s
0.024,911,228,7  s
0.007,101,456,90 s
0.015,006,813,0  s
0.008,871,101,27 s
0.053,427,511,3  s
0.042,691,638,1  s
0.031,240,051,9  s
0.028,957,372,0  s
0.012,366,358,19 s
0.009,067,323,00 s
0.042,981,248,5  s
0.006,582,639,58 s
0.028,324,216,18 s
0.008,556,088,66 s
0.008,861,086,96 s
0.008,133,471,38 s
0.074,423,931,2  s
0.045,359,937,2  s
0.011,121,405,18 s
0.022,566,852,1  s
0.124,268,865,2  s
0.010,142,001,06 s
0.012,616,720,87 s
0.158,147,718,3  s
0.014,332,448,69 s
0.022,651,797,54 s
0.042,773,945,6  s
0.011,143,912,13 s
0.012,797,585,43 s
0.007,651,863,42 s
0.041,162,818,9  s
0.059,125,398,9  s
0.036,302,729,3  s
0.002,925,402,45 s
0.051,196,005,2  s
0.007,793,484,10 s
0.011,833,063,0  s
0.033,512,924,5  s
0.023,878,450,4  s
0.045,470,925,2  s
0.034,208,245,6  s
0.004,024,193,95 s
0.017,285,502,6  s
0.014,384,397,8  s
0.039,380,654,4  s
0.065,685,956,0  s
0.134,653,952,2  s
0.024,679,445,3  s
0.226,828,719,5  s
0.033,160,911,0  s
0.010,286,128,29 s
0.038,802,615,4  s
0.006,745,410,07 s
0.037,381,771,1  s
0.065,121,799,1  s
0.059,071,993,7  s
0.078,196,741,6  s
0.043,974,934,3  s
0.008,986,861,86 s
0.007,907,841,88 s
0.009,156,416,77 s
0.028,706,452,10 s
0.026,654,825,0  s
0.153,958,192,0  s
0.021,260,929,9  s
0.016,627,126,6  s
0.009,678,679,88 s
0.008,298,704,32 s
0.008,403,860,39 s
0.010,171,396,08 s
0.019,955,619,4  s
0.015,147,920,5  s
0.009,570,309,13 s
0.005,628,255,45 s
0.012,917,051,27 s
0.009,230,141,25 s
0.007,265,166,93 s
0.011,662,671,75 s
0.036,548,092,5  s
0.016,658,560,9  s
0.009,499,742,12 s
0.029,713,366,9  s
0.008,869,237,79 s
0.019,865,268,7  s
0.013,411,694,77 s
0.009,726,541,58 s
0.028,138,222,4  s
0.011,850,214,81 s
0.025,027,614,4  s
0.089,361,629,8  s
0.038,396,276,7  s
0.017,361,191,87 s
0.041,699,003,5  s
0.088,477,752,2  s
0.007,416,038,85 s
0.009,181,967,18 s
0.036,073,987,9  s
0.193,474,746,7  s
0.128,359,570,2  s
0.081,027,472,4  s
0.015,357,119,00 s
0.032,370,764,3  s
0.092,337,281,8  s
0.166,863,033,0  s
0.050,884,157,8  s
0.021,067,989,46 s
0.020,132,513,9  s
0.010,610,598,08 s
0.033,234,605,9  s
0.032,640,319,3  s
0.015,176,814,86 s
0.022,095,666,9  s
0.003,687,432,19 s
0.099,016,762,1  s
0.020,701,915,7  s
0.016,682,397,4  s
0.015,211,718,9  s
0.017,608,496,7  s
0.003,973,851,54 s
0.009,545,100,60 s
0.015,681,302,4  s
0.007,372,521,38 s
0.047,133,761,0  s
0.011,676,610,91 s
0.007,453,648,07 s
0.023,680,373,92 s
0.027,193,289,0  s
0.015,411,053,41 s
0.027,054,446,3  s
0.023,005,421,5  s
0.007,461,169,87 s
0.012,507,994,96 s
0.006,117,828,87 s
0.030,009,434,3  s
0.005,898,027,62 s
0.036,822,378,42 s
0.014,518,957,73 s
0.005,603,651,22 s
0.008,361,124,00 s
0.084,271,094,1  s
0.009,120,974,55 s
0.033,710,322,6  s
0.008,381,235,88 s
0.028,780,480,0  s
0.008,944,779,07 s
0.013,667,945,42 s
0.051,633,864,8  s
0.061,341,951,0  s
0.022,542,649,7  s
0.012,519,881,87 s
0.136,256,051,5  s
0.025,197,210,1  s
0.006,066,523,52 s
0.009,779,018,19 s
0.016,274,318,2  s
0.074,937,103,5  s
0.099,973,880,4  s
0.017,825,089,36 s
0.021,075,839,2  s
0.217,402,753,0  s
0.007,078,349,11 s
0.022,180,050,7  s
0.052,791,568,0  s
0.007,178,631,25 s
0.019,553,312,4  s
0.005,545,979,27 s
0.027,906,250,79 s
0.018,833,302,2  s
0.027,269,093,1  s
0.037,704,952,3  s
0.015,424,632,68 s
0.014,903,845,9  s
0.018,624,223,7  s
0.019,837,276,93 s
0.009,633,223,31 s
0.063,974,078,4  s
0.071,753,587,7  s
0.024,643,104,0  s
0.005,668,449,59 s
0.028,468,081,1  s
0.052,878,474,1  s
0.041,910,288,3  s
0.017,690,314,46 s
0.037,337,480,1  s
0.045,798,362,7  s
0.042,262,813,1  s
0.013,410,815,2  s
0.038,324,800,7  s
0.009,807,360,21 s
0.030,852,808,2  s
0.030,851,340,9  s
0.022,499,813,9  s
0.087,312,408,5  s
0.106,898,857,7  s
0.014,853,677,5  s
0.031,558,147,7  s
0.021,836,515,6  s
0.004,557,754,99 s
0.010,586,050,12 s
0.024,532,120,3  s
0.010,329,339,58 s
0.023,619,024,42 s
0.020,400,265,2  s
0.014,786,673,71 s
0.010,063,607,04 s
0.016,342,356,31 s
0.032,375,026,6  s
0.035,681,462,79 s
0.017,230,398,7  s
0.042,800,825,8  s
0.084,056,156,5  s
0.017,907,376,71 s
0.017,839,750,2  s
0.027,910,374,14 s
0.118,489,757,0  s
0.020,091,238,6  s
0.192,182,513,3  s
0.006,567,423,16 s
0.019,562,578,87 s
0.044,348,900,0  s
0.075,039,548,3  s
0.026,628,372,3  s
0.015,684,617,22 s
0.009,271,945,50 s
0.014,560,957,96 s
0.032,124,515,9  s
0.007,949,908,57 s
0.005,046,769,80 s
0.021,904,856,2  s
0.063,757,536,5  s
0.016,666,349,89 s
0.015,872,144,1  s
0.143,740,052,0  s
0.057,743,069,2  s
0.004,924,232,40 s
0.049,384,664,9  s
0.048,077,850,6  s
0.007,949,832,52 s
0.044,522,787,1  s
0.042,371,204,69 s
0.019,321,698,21 s
0.022,735,192,4  s
0.009,252,672,14 s
0.011,288,979,57 s
0.042,565,909,0  s
0.031,380,215,8  s
0.005,537,610,96 s
0.055,162,316,2  s
0.013,543,775,04 s
0.010,130,430,07 s
0.022,871,258,1  s
0.019,300,892,1  s
0.020,953,743,67 s
0.058,678,977,3  s
0.026,119,687,9  s
0.004,782,386,74 s
0.023,177,983,3  s
0.034,394,260,9  s
0.021,239,774,68 s
0.012,943,439,50 s
0.051,160,111,5  s
0.025,145,657,50 s
0.003,196,185,64 s
0.017,785,251,8  s
0.019,031,893,19 s
0.018,701,592,4  s
0.007,057,858,70 s
0.011,872,978,14 s
0.035,061,234,27 s
0.053,641,603,38 s
0.010,099,007,39 s
0.057,707,577,5  s
0.009,727,250,89 s
0.021,228,559,0  s
0.022,489,026,18 s
0.018,261,095,55 s
0.009,716,942,55 s
0.032,401,520,4  s
0.013,419,565,00 s
0.023,424,634,5  s
0.051,291,455,4  s
0.010,931,894,86 s
0.012,937,971,03 s
0.018,800,588,14 s
0.010,128,861,14 s
0.007,362,802,61 s
0.009,579,819,16 s
0.102,793,339,0  s
0.017,693,683,5  s
0.014,145,018,50 s
0.005,259,119,83 s
0.021,588,919,08 s
0.084,851,503,7  s
0.048,742,146,2  s
0.017,758,204,7  s
0.073,858,770,1  s
0.012,898,227,08 s
0.039,429,345,9  s
0.037,463,674,2  s
0.021,022,871,67 s
0.042,359,292,9  s
0.043,386,613,3  s
0.025,343,437,6  s
0.010,178,137,30 s
0.011,568,502,58 s
0.029,446,091,0  s
0.064,245,750,4  s
0.009,628,883,18 s
0.022,545,613,9  s
0.066,767,830,3  s
0.008,266,388,14 s
