0.230,273,397,5 s
0.075,457,899,3 s
0.086,066,270,5 s
0.108,753,880,0 s
0.063,881,146,8 s
0.058,941,944,2 s
0.094,009,376,0 s
0.050,066,745,2 s
0.106,702,347,8 s
0.160,018,832,7 s
0.160,524,857,0 s
0.173,674,935,9 s
0.074,634,411,5 s
0.095,906,942,7 s
0.042,530,097,8 s
0.256,151,555,5 s
0.104,594,468,2 s
0.105,840,993,2 s
0.058,022,893,9 s
0.074,825,101,0 s
0.051,243,320,8 s
0.044,878,673,3 s
0.106,781,629,6 s
0.052,190,387,9 s
0.067,794,621,3 s
0.126,264,513,4 s
0.114,174,852,2 s
0.092,383,308,4 s
0.104,743,443,9 s
0.065,814,530,8 s
0.097,532,160,7 s
0.046,966,770,8 s
0.219,776,796,5 s
0.030,323,963,9 s
0.074,529,366,5 s
0.223,293,170,3 s
0.121,550,397,7 s
0.039,578,859,3 s
0.073,644,442,1 s
0.154,690,344,5 s
0.056,666,523,0 s
0.073,115,155,8 s
0.084,802,126,6 s
0.166,903,702,0 s
0.046,898,029,2 s
0.270,447,339,2 s
0.213,005,672,5 s
0.069,463,651,3 s
0.253,069,096,5 s
0.086,475,866,5 s
0.072,348,484,0 s
0.153,099,274,9 s
0.061,645,568,3 s
0.089,890,939,7 s
0.055,963,048,8 s
0.129,128,689,0 s
0.058,018,233,0 s
0.048,234,044,8 s
0.069,596,021,3 s
0.068,810,439,2 s
0.052,362,033,4 s
0.134,601,217,8 s
0.121,753,164,7 s
0.145,635,058,6 s
0.243,190,745,7 s
0.038,826,056,6 s
0.155,463,439,5 s
0.160,289,364,5 s
0.044,844,524,7 s
0.063,232,720,2 s
0.053,613,083,3 s
0.069,063,899,3 s
0.128,033,341,8 s
0.116,949,949,8 s
0.143,667,826,6 s
0.079,306,133,2 s
0.211,127,092,8 s
0.032,281,741,7 s
0.190,900,861,2 s
0.064,337,053,0 s
0.131,342,532,0 s
0.103,705,817,5 s
0.081,495,806,5 s
0.032,752,799,9 s
0.082,567,022,5 s
0.087,596,851,7 s
0.157,574,557,2 s
0.206,155,855,0 s
0.029,849,700,2 s
0.271,920,816,5 s
0.142,663,447,5 s
0.065,758,764,1 s
0.067,988,759,7 s
0.081,073,317,5 s
0.096,096,191,5 s
0.263,976,950,7 s
0.186,533,727,5 s
0.143,517,737,5 s
0.069,888,606,2 s
0.108,665,310,7 s
0.122,017,593,3 s
0.243,705,003,2 s
0.128,737,598,7 s
0.212,882,117,5 s
0.070,783,240,5 s
0.133,967,029,7 s
0.062,824,691,7 s
0.101,495,848,5 s
0.057,209,441,7 s
0.081,019,460,5 s
0.060,537,533,8 s
0.155,335,161,2 s
0.104,291,127,7 s
0.120,810,148,5 s
0.134,136,861,2 s
0.209,887,299,5 s
0.104,289,923,6 s
0.073,275,631,7 s
0.241,400,609,5 s
0.209,200,130,2 s
0.153,310,739,2 s
0.065,446,376,7 s
0.088,587,335,5 s
0.126,677,020,8 s
0.061,596,134,9 s
0.051,394,700,9 s
0.047,327,249,0 s
0.085,612,310,9 s
0.083,731,151,0 s
0.146,827,639,3 s
0.110,863,329,0 s
0.060,886,871,9 s
0.030,745,852,5 s
0.040,124,414,2 s
0.060,896,458,3 s
0.035,766,231,4 s
0.029,669,000,0 s
0.041,242,053,5 s
0.177,983,454,5 s
0.034,350,554,3 s
0.086,977,523,3 s
0.140,903,033,3 s
0.098,492,831,0 s
0.041,295,890,5 s
0.118,300,807,3 s
0.072,437,857,0 s
0.169,322,991,2 s
0.051,447,188,9 s
0.103,238,338,0 s
0.046,587,835,5 s
0.045,020,367,3 s
0.230,370,575,5 s
0.093,262,231,8 s
0.059,526,533,3 s
0.060,201,426,3 s
0.116,049,847,0 s
0.195,305,488,5 s
0.055,160,992,8 s
0.071,239,466,8 s
0.079,221,032,0 s
0.134,805,442,5 s
0.093,807,749,8 s
0.104,294,557,0 s
0.193,517,004,5 s
0.136,299,216,8 s
0.133,976,693,0 s
0.066,052,826,2 s
0.095,507,508,5 s
0.092,120,065,2 s
0.074,340,513,6 s
0.111,951,004,8 s
0.043,515,890,5 s
0.074,187,339,8 s
0.057,809,517,2 s
0.042,108,235,5 s
0.029,641,320,1 s
0.030,237,930,9 s
0.073,575,641,0 s
0.074,591,880,9 s
0.064,543,414,5 s
0.168,858,668,3 s
0.029,306,011,5 s
0.098,066,908,5 s
0.261,160,969,2 s
0.172,700,127,0 s
0.093,639,958,2 s
0.077,333,463,2 s
0.147,683,004,8 s
0.086,761,403,3 s
0.104,187,028,7 s
0.110,354,323,5 s
0.050,380,564,4 s
0.104,748,536,4 s
0.031,383,254,2 s
0.064,436,390,2 s
0.120,333,786,7 s
0.097,460,755,7 s
0.155,218,566,6 s
0.095,520,340,2 s
0.060,081,770,2 s
0.098,967,869,7 s
0.061,041,528,2 s
0.173,820,128,7 s
0.262,730,411,5 s
0.062,621,967,0 s
0.095,774,252,3 s
0.053,270,195,9 s
0.041,628,442,7 s
0.080,391,139,5 s
0.302,143,006,5 s
0.065,729,418,5 s
0.039,949,305,6 s
0.222,195,212,5 s
0.209,179,148,5 s
0.274,722,591,2 s
0.112,588,299,7 s
0.055,050,587,0 s
0.151,078,314,0 s
0.072,032,872,2 s
0.156,030,323,0 s
0.138,204,597,2 s
0.144,601,378,0 s
0.176,884,831,2 s
0.042,626,596,3 s
0.075,533,162,7 s
0.093,828,992,7 s
0.056,588,901,6 s
0.413,935,777,5 s
0.136,550,322,6 s
0.048,616,191,8 s
0.123,364,613,7 s
0.121,530,212,8 s
0.062,384,336,3 s
0.054,858,114,3 s
0.042,265,391,5 s
0.053,707,471,2 s
0.095,233,681,2 s
0.155,408,167,7 s
0.021,645,647,7 s
0.070,316,177,2 s
0.127,803,751,5 s
0.036,337,742,5 s
0.124,646,037,5 s
0.131,574,540,7 s
0.047,331,875,6 s
0.155,380,051,3 s
0.214,781,806,5 s
0.089,767,291,7 s
0.038,545,926,2 s
0.122,168,010,7 s
0.030,037,641,3 s
0.033,211,771,8 s
0.159,228,709,2 s
0.104,914,518,5 s
0.052,212,503,0 s
0.121,360,950,8 s
0.210,175,629,2 s
0.194,421,220,2 s
0.036,980,659,9 s
0.087,002,038,5 s
0.061,245,696,7 s
0.086,128,602,0 s
0.094,296,531,3 s
0.074,783,317,9 s
0.119,949,099,2 s
0.101,628,132,0 s
0.084,958,815,0 s
0.082,810,740,2 s
0.186,076,971,0 s
0.086,724,151,2 s
0.045,518,136,9 s
0.155,365,511,0 s
0.060,148,454,2 s
0.154,013,990,3 s
0.081,673,893,7 s
0.131,858,330,0 s
0.027,070,265,0 s
0.041,860,100,0 s
0.228,288,551,5 s
0.093,512,805,2 s
0.122,787,718,3 s
0.160,894,855,1 s
0.051,927,915,2 s
0.122,420,881,8 s
0.135,480,613,2 s
0.109,345,563,7 s
0.061,093,861,3 s
0.039,418,647,8 s
0.227,379,763,0 s
0.062,877,500,7 s
0.095,402,031,5 s
0.165,513,673,8 s
0.130,792,541,5 s
0.035,312,010,5 s
0.062,724,742,5 s
0.039,409,375,8 s
0.086,938,091,5 s
0.072,233,982,6 s
0.042,095,670,1 s
0.216,577,024,0 s
0.091,509,389,3 s
0.044,207,367,8 s
0.056,927,284,8 s
0.518,437,502,2 s
0.089,882,883,5 s
0.044,276,553,3 s
0.083,516,305,0 s
0.065,898,858,0 s
0.154,169,630,3 s
0.160,422,396,2 s
0.068,320,623,3 s
0.289,621,844,0 s
0.061,974,971,7 s
0.105,833,885,2 s
0.141,220,323,5 s
0.066,718,643,8 s
0.041,766,094,7 s
0.091,212,064,0 s
0.205,170,996,8 s
0.063,939,486,2 s
0.036,462,994,1 s
0.107,381,784,3 s
0.273,840,983,5 s
0.086,252,538,3 s
0.135,817,104,0 s
0.070,002,899,7 s
0.055,424,797,2 s
0.147,683,238,0 s
0.101,763,341,1 s
0.077,654,825,5 s
0.047,610,834,4 s
0.074,694,487,8 s
0.048,457,066,0 s
0.094,524,006,7 s
0.233,896,745,0 s
0.070,799,415,0 s
0.104,924,845,5 s
0.071,918,172,8 s
0.032,696,248,9 s
0.104,774,300,2 s
0.099,927,140,2 s
0.114,984,941,8 s
0.046,304,806,0 s
0.043,028,273,8 s
0.092,155,103,6 s
0.052,715,500,2 s
0.052,777,399,0 s
0.123,005,483,7 s
0.041,033,379,0 s
0.060,294,626,5 s
0.099,841,536,0 s
0.095,625,132,0 s
0.137,639,019,7 s
0.098,990,765,8 s
0.057,006,795,5 s
0.178,403,054,0 s
0.106,653,306,0 s
0.302,543,585,5 s
0.123,236,808,5 s
0.070,342,435,5 s
0.110,228,569,0 s
0.256,722,090,2 s
0.073,443,637,7 s
0.173,282,058,5 s
0.046,919,297,9 s
0.035,584,262,3 s
0.069,362,601,8 s
0.140,745,919,8 s
0.065,287,859,0 s
0.273,824,169,0 s
0.065,768,100,0 s
0.048,847,025,5 s
0.128,763,557,3 s
0.059,309,222,3 s
0.074,671,795,3 s
0.086,483,470,2 s
0.089,079,274,6 s
0.218,157,349,8 s
0.070,059,545,7 s
0.092,525,890,0 s
0.170,377,116,2 s
0.067,826,118,0 s
0.035,086,219,8 s
0.069,147,844,0 s
0.193,875,165,8 s
0.124,457,002,5 s
0.036,651,778,7 s
0.059,314,909,5 s
0.117,321,402,7 s
0.041,533,757,4 s
0.103,621,538,5 s
0.154,029,678,5 s
0.102,600,574,7 s
0.173,879,075,2 s
0.051,625,247,8 s
0.044,967,611,2 s
0.094,457,151,8 s
0.121,313,417,2 s
0.052,000,185,5 s


