0.137,317,248,0 s
0.068,448,734,8 s
0.050,919,517,2 s
0.086,273,796,2 s
0.085,289,599,0 s
0.115,828,922,7 s
0.046,969,795,2 s
0.079,002,408,0 s
0.069,440,471,9 s
0.119,502,042,5 s
0.146,471,249,2 s
0.394,916,102,5 s
0.165,155,585,0 s
0.039,403,901,7 s
0.109,377,197,5 s
0.050,908,537,2 s
0.044,626,639,0 s
0.034,538,986,4 s
0.149,080,779,0 s
0.140,385,970,5 s
0.194,855,147,7 s
0.056,401,340,2 s
0.066,681,116,4 s
0.152,915,671,0 s
0.171,250,528,7 s
0.093,020,780,2 s
0.066,411,005,9 s
0.069,216,118,2 s
0.092,718,274,7 s
0.073,507,824,9 s
0.086,215,929,7 s
0.075,722,432,2 s
0.081,159,745,5 s
0.078,159,586,8 s
0.092,529,585,3 s
0.051,418,652,0 s
0.101,985,865,7 s
0.130,307,858,0 s
0.063,913,016,7 s
0.120,049,435,8 s
0.169,272,860,5 s
0.060,036,532,0 s
0.078,258,252,0 s
0.089,559,762,8 s
0.055,540,308,4 s
0.131,207,811,0 s
0.065,376,458,3 s
0.105,419,551,8 s
0.161,717,326,7 s
0.057,005,163,1 s
0.144,031,979,0 s
0.060,290,518,2 s
0.102,383,289,2 s
0.175,851,042,3 s
0.067,132,460,5 s
0.021,817,848,7 s
0.022,848,700,7 s
0.158,450,872,5 s
0.101,148,557,0 s
0.170,357,109,0 s
0.139,483,190,2 s
0.115,825,116,5 s
0.038,568,212,8 s
0.094,852,474,0 s
0.050,664,780,0 s
0.090,378,915,7 s
0.043,079,740,4 s
0.104,431,652,2 s
0.029,750,671,6 s
0.044,161,512,1 s
0.172,995,556,3 s
0.078,592,869,7 s
0.101,314,390,7 s
0.032,357,022,2 s
0.057,588,128,4 s
0.105,454,795,8 s
0.203,596,506,3 s
0.136,176,064,3 s
0.132,888,560,5 s
0.120,709,093,7 s
0.162,747,578,0 s
0.121,278,290,7 s
0.197,947,917,0 s
0.193,067,035,3 s
0.127,040,964,6 s
0.065,858,367,1 s
0.075,572,081,4 s
0.112,123,231,4 s
0.115,668,057,4 s
0.080,380,233,8 s
0.120,169,932,5 s
0.152,595,516,3 s
0.039,619,892,4 s
0.032,840,039,6 s
0.143,670,517,0 s
0.037,073,699,8 s
0.159,695,471,0 s
0.024,850,892,6 s
0.236,241,513,8 s
0.151,399,932,7 s
0.056,541,196,3 s
0.089,734,752,7 s
0.090,694,709,6 s
0.081,616,424,9 s
0.153,486,947,8 s
0.131,631,436,7 s
0.116,250,457,5 s
0.205,064,923,0 s
0.046,459,162,8 s
0.037,231,916,5 s
0.072,147,930,3 s
0.120,060,945,7 s
0.188,428,714,0 s
0.050,607,706,7 s
0.115,389,498,5 s
0.146,281,058,2 s
0.069,013,029,7 s
0.064,577,699,3 s
0.073,501,075,2 s
0.065,011,993,2 s
0.114,236,116,0 s
0.051,969,396,3 s
0.061,155,521,2 s
0.084,383,673,5 s
0.073,747,202,8 s
0.033,904,278,2 s
0.180,230,812,5 s
0.115,833,713,7 s
0.054,613,119,8 s
0.189,877,943,8 s
0.122,011,290,3 s
0.052,620,751,8 s
0.257,722,955,2 s
0.061,425,164,6 s
0.106,221,684,1 s
0.070,980,614,5 s
0.028,508,093,9 s
0.164,712,001,8 s
0.058,517,121,7 s
0.129,916,353,0 s
0.143,562,751,2 s
0.241,614,519,2 s
0.050,777,612,5 s
0.046,814,371,7 s
0.097,085,934,3 s
0.236,473,781,7 s
0.126,028,480,8 s
0.065,578,937,9 s
0.115,757,928,2 s
0.115,040,820,5 s
0.121,989,539,5 s
0.097,110,147,9 s
0.100,731,034,8 s
0.066,481,476,3 s
0.054,122,721,7 s
0.132,206,494,2 s
0.063,453,036,7 s
0.110,726,761,7 s
0.148,092,694,6 s
0.089,032,483,8 s
0.154,497,631,2 s
0.068,744,957,4 s
0.092,252,833,9 s
0.197,397,285,0 s
0.034,523,789,5 s
0.053,412,080,0 s
0.052,790,212,7 s
0.155,089,825,2 s
0.096,214,584,7 s
0.159,473,129,2 s
0.086,635,695,7 s
0.222,733,596,8 s
0.037,419,011,1 s
0.142,750,188,2 s
0.084,420,785,5 s
0.153,794,762,2 s
0.059,053,941,3 s
0.038,674,490,2 s
0.054,936,936,2 s
0.064,788,182,0 s
0.253,368,747,8 s
0.151,735,998,8 s
0.170,987,502,5 s
0.156,516,858,0 s
0.175,158,579,8 s
0.090,897,285,0 s
0.071,916,069,0 s
0.083,291,142,5 s
0.148,215,010,5 s
0.088,771,753,2 s
0.119,384,684,7 s
0.126,328,832,7 s
0.081,425,694,4 s
0.030,349,684,5 s
0.067,605,784,2 s
0.089,360,612,5 s
0.161,042,317,9 s
0.165,017,292,7 s
0.170,415,938,3 s
0.155,920,320,5 s
0.069,807,460,7 s
0.073,271,297,5 s
0.074,248,666,7 s
0.184,187,645,7 s
0.077,186,252,6 s
0.107,379,856,2 s
0.027,488,704,7 s
0.072,729,535,4 s
0.074,654,272,8 s
0.064,288,266,7 s
0.236,096,159,3 s
0.097,118,772,8 s
0.152,851,330,5 s
0.025,475,901,1 s
0.071,322,324,0 s
0.047,360,959,5 s
0.172,482,527,2 s
0.101,642,571,5 s
0.062,919,328,7 s
0.080,211,468,1 s
0.049,307,405,0 s
0.099,672,891,2 s
0.051,493,860,0 s
0.087,549,194,8 s
0.070,315,812,7 s
0.036,502,664,5 s
0.079,634,160,2 s
0.070,346,194,9 s
0.142,375,972,0 s
0.046,782,223,1 s
0.166,725,723,3 s
0.087,209,141,7 s
0.080,377,896,8 s
0.063,043,034,3 s
0.136,035,325,0 s
0.093,157,223,1 s
0.044,246,834,9 s
0.195,711,896,0 s
0.206,063,973,5 s
0.071,302,133,5 s
0.229,456,164,5 s
0.148,903,831,0 s
0.059,436,033,6 s
0.126,896,156,2 s
0.078,565,715,6 s
0.062,171,302,5 s
0.124,859,401,8 s
0.059,936,079,3 s
0.071,055,987,7 s
0.248,342,335,5 s
0.114,460,945,8 s
0.079,731,541,7 s
0.073,277,343,3 s
0.108,212,566,3 s
0.060,246,204,6 s
0.080,200,846,3 s
0.052,645,554,9 s
0.092,232,676,1 s
0.037,472,828,0 s
0.043,461,093,5 s
0.055,187,523,1 s
0.173,454,694,0 s
0.096,753,990,3 s
0.164,493,190,3 s
0.106,094,209,2 s
0.079,902,876,7 s
0.240,137,073,2 s
0.138,818,957,8 s
0.061,222,821,5 s
0.046,839,126,0 s
0.040,008,426,5 s
0.068,931,214,7 s
0.095,492,083,0 s
0.093,457,593,7 s
0.155,308,359,3 s
0.276,068,610,5 s
0.044,122,792,0 s
0.063,988,654,0 s
0.161,856,229,5 s
0.099,005,669,5 s
0.096,034,634,9 s
0.067,220,529,8 s
0.094,442,910,0 s
0.091,104,443,3 s
0.043,983,981,8 s
0.057,581,713,0 s
0.049,811,206,5 s
0.221,497,902,7 s
0.103,295,733,5 s
0.234,321,700,7 s
0.088,680,642,8 s
0.127,959,452,3 s
0.049,780,481,0 s
0.109,004,855,5 s
0.032,250,302,9 s
0.050,701,704,7 s
0.098,590,829,5 s
0.053,664,820,5 s
0.073,093,009,0 s
0.087,194,480,8 s
0.134,120,669,0 s
0.097,345,413,5 s
0.151,846,841,8 s
0.172,785,673,2 s
0.065,330,469,7 s
0.071,997,322,7 s
0.148,880,625,2 s
0.130,597,744,0 s
0.111,482,272,3 s
0.134,076,416,5 s
0.050,300,377,6 s
0.058,176,616,7 s
0.080,711,949,2 s
0.102,862,055,9 s
0.222,718,316,0 s
0.052,022,180,0 s
0.121,164,548,9 s
0.058,385,560,1 s
0.089,813,501,5 s
0.053,477,261,0 s
0.072,753,892,5 s
0.100,161,504,9 s
0.102,972,471,8 s
0.209,973,077,7 s
0.063,217,560,5 s
0.138,296,777,0 s
0.185,512,240,2 s
0.055,301,882,1 s
0.091,623,732,2 s
0.061,902,504,7 s
0.178,596,491,2 s
0.091,993,197,0 s
0.062,016,555,7 s
0.097,161,887,4 s
0.088,934,032,5 s
0.088,632,329,0 s
0.040,926,336,0 s
0.158,663,949,0 s
0.055,136,412,8 s
0.171,860,603,8 s
0.042,296,830,5 s
0.255,517,684,7 s
0.074,859,141,5 s
0.059,556,953,8 s
0.073,804,199,9 s
0.080,924,907,3 s
0.064,295,810,7 s
0.164,354,593,0 s
0.299,762,706,8 s
0.186,289,565,7 s
0.061,508,347,5 s
0.132,253,922,0 s
0.071,380,823,0 s
0.139,534,802,0 s
0.199,245,602,0 s
0.193,591,313,7 s
0.101,960,785,3 s
0.055,498,332,7 s
0.103,674,814,7 s
0.123,480,231,7 s
0.127,283,575,2 s
0.141,912,219,0 s
0.100,964,754,5 s
0.055,922,213,7 s
0.025,318,035,9 s
0.055,851,739,8 s
0.115,831,525,5 s
0.146,770,662,2 s
0.029,207,856,1 s
0.086,651,349,7 s
0.088,619,023,9 s
0.053,255,536,7 s
0.138,841,061,3 s
0.062,382,116,1 s
0.081,828,372,5 s
0.038,887,360,5 s
0.072,051,223,8 s
0.194,262,569,5 s
0.108,702,208,0 s
0.148,490,303,3 s
0.074,090,882,3 s
0.087,781,596,9 s
0.224,253,320,2 s
0.140,181,195,7 s
0.156,662,732,5 s
0.191,297,284,0 s
0.107,417,189,0 s
0.131,788,028,5 s
0.117,959,040,5 s
0.215,241,747,7 s
0.113,990,235,2 s
0.150,376,234,7 s
0.113,133,282,5 s
0.070,371,492,0 s
0.116,752,801,2 s
0.312,362,140,8 s
0.503,693,081,3 s
0.066,936,595,5 s
0.202,204,694,2 s
0.054,070,659,7 s
0.103,964,941,0 s
0.111,769,718,5 s
0.091,199,251,0 s
0.106,931,226,0 s
0.155,993,444,7 s
0.102,138,885,2 s
0.168,232,252,0 s
0.046,584,610,0 s
0.068,834,029,8 s
0.095,173,323,0 s
0.142,096,786,3 s
0.149,651,421,5 s
0.206,758,390,1 s
0.044,232,335,8 s
0.073,351,889,2 s
0.060,223,919,8 s
0.187,012,739,0 s
0.104,066,100,7 s
0.143,502,876,8 s
0.046,581,244,9 s
0.051,393,125,9 s
0.202,912,273,7 s
0.041,947,962,7 s
0.117,191,569,0 s
0.062,990,322,2 s
0.123,885,319,3 s
0.279,798,541,5 s
0.061,979,661,0 s
0.109,798,254,0 s
0.133,641,963,2 s
0.139,736,003,0 s
0.102,664,372,7 s
0.154,291,385,5 s
0.037,544,905,2 s
0.113,148,717,3 s
0.109,722,408,5 s
0.097,204,629,7 s
0.124,801,589,7 s
0.146,103,306,8 s
0.070,040,116,5 s
0.032,200,712,6 s
0.229,951,825,5 s
0.166,048,247,7 s
0.153,414,696,7 s
0.117,880,869,5 s
0.204,885,755,8 s
0.101,962,773,2 s
0.122,633,371,9 s
0.038,921,601,5 s
0.103,861,151,5 s
0.115,862,153,9 s
0.063,730,069,8 s
0.105,562,650,7 s
0.074,902,918,0 s
0.081,982,908,5 s
0.061,679,377,8 s
0.233,414,548,2 s
0.023,319,666,5 s
0.094,429,521,5 s
0.055,082,824,8 s
0.162,721,990,3 s
0.091,913,484,7 s
0.082,068,100,7 s
0.133,254,565,3 s
0.113,889,204,0 s
0.055,620,545,5 s
0.018,853,432,1 s
0.081,268,259,8 s
0.065,027,559,3 s
0.041,715,727,7 s
0.187,288,599,2 s
0.036,496,201,9 s
0.153,538,659,0 s
0.015,642,253,4 s
0.112,739,433,7 s
0.078,855,941,0 s
0.092,871,033,7 s
0.228,296,808,2 s
0.168,272,147,4 s
0.139,774,406,0 s
0.066,404,245,0 s
0.074,778,016,1 s
0.031,504,176,6 s
0.112,153,224,2 s
0.059,902,070,2 s
0.072,162,696,5 s
0.130,287,867,2 s
0.153,023,773,5 s
0.170,145,155,0 s
0.069,325,814,2 s
0.026,205,470,5 s
0.044,175,849,2 s
0.210,748,956,2 s
0.129,962,563,5 s
0.054,573,715,3 s
0.113,468,917,6 s
0.075,999,790,0 s
0.114,523,991,7 s
0.079,061,631,8 s
0.120,466,958,2 s
0.111,207,847,2 s
0.112,288,266,7 s
0.145,336,264,7 s
0.046,880,942,2 s
0.041,453,929,4 s
0.135,408,988,7 s
0.141,658,268,7 s
0.125,535,998,5 s
0.050,637,904,5 s
0.118,075,943,0 s
0.060,699,359,8 s
0.050,962,346,3 s
0.110,629,392,8 s
0.124,388,267,7 s
0.240,879,498,7 s
0.084,373,726,0 s
0.141,586,856,0 s
0.101,480,158,5 s
0.104,279,294,8 s
0.251,756,651,7 s
0.055,143,305,4 s
0.060,756,723,8 s
0.071,918,772,3 s
0.071,532,273,8 s
0.106,164,692,7 s
0.070,296,939,7 s
0.120,704,781,7 s
0.184,519,130,2 s
0.322,337,574,0 s
0.110,183,163,5 s
0.122,460,046,3 s
0.105,857,585,5 s
0.056,642,617,5 s
0.045,497,692,3 s
0.074,892,366,5 s
0.060,813,540,4 s
0.110,295,696,0 s
0.111,797,123,5 s
0.027,008,604,3 s
0.113,680,108,2 s
0.052,375,681,5 s
0.047,102,937,6 s
0.072,835,742,9 s
0.314,225,370,0 s
0.083,183,412,7 s
0.081,967,880,1 s
0.125,462,190,0 s
0.051,666,218,5 s
0.097,517,932,2 s
0.043,657,770,5 s
0.081,865,975,2 s
0.076,922,320,2 s
0.047,548,268,6 s
0.054,456,699,6 s
0.131,717,229,0 s
0.069,512,535,0 s
0.050,747,173,0 s
0.039,927,308,4 s
0.097,720,554,0 s
0.048,937,415,5 s
0.120,479,882,5 s
0.219,883,706,5 s
0.100,896,462,2 s
0.149,117,082,5 s
0.057,697,242,4 s
0.076,319,680,7 s
0.072,327,598,5 s
0.089,026,843,9 s
0.268,080,969,5 s
0.186,008,551,6 s
0.071,038,205,5 s
0.104,652,517,2 s
0.049,628,088,8 s
0.072,121,146,5 s
0.050,336,266,2 s
0.080,402,255,8 s
0.094,686,963,3 s
0.138,688,117,2 s
0.202,847,605,7 s
0.040,563,311,3 s
0.060,828,614,7 s
0.071,555,556,2 s
0.152,176,479,7 s
0.183,814,550,7 s
0.236,964,733,0 s
0.150,803,549,3 s
0.045,359,068,4 s
0.046,797,044,5 s
0.065,328,989,3 s
0.092,624,949,0 s
0.096,856,852,7 s
0.048,281,652,3 s
0.084,541,089,2 s
0.148,950,064,5 s
0.064,299,740,0 s
0.149,722,308,7 s
0.036,411,155,5 s
0.049,699,723,7 s
0.048,072,302,4 s
0.059,740,578,6 s
